TCS v1.23
Mon Jul 19 20:16:12 EDT 2021
Datafile = C:\Users\Colby\Documents\GitHub\HaplotypR_tests\cambel_full\haplotype_network\csp_samples_haplotypes.nex
Current OS = windows
Data in NEXUS format
Number of sequences: 212
Length of sequences: 329

RUN SETTINGS
User specified maximum connection steps = 1000
Gaps treated as missing data


HAPLOTYPES
Number of haplotypes = 28

Haplotype list:


 - csp_3D7 : 
 - csp-1_005-2_S2 :  csp-1_017-2_S11 csp-1_029-2_S25 csp-1_192771-2_S13 csp-1_cc015-2_S22 csp-1_cc020-1_S27 csp-1_MGH001-2_S8 csp-1_pz049-2_S20 csp-1_sk125-2_S28 csp-1_sk142-2_S30 csp-1_sk177-2_S2 csp-1_sk196-2_S7
 - csp-11_006-2_S4 :  csp-11_010-2_S6 csp-11_011-2_S8 csp-11_012-2_S10 csp-11_017-2_S11 csp-11_024-2_S19 csp-11_025-2_S21 csp-11_cc012-2_S20 csp-11_MGH001-2_S8 csp-11_sk053-2_S4 csp-11_sk150-2_S32
 - csp-36_017-2_S11 :  csp-36_019-2_S13 csp-36_022-2_S16 csp-36_18437-2_S16 csp-36_cc002-2_S10 csp-36_cc003-2_S11
 - csp-35_017-2_S11 :  csp-35_021-2_S15 csp-35_023-2_S17 csp-35_025-2_S21 csp-35_029-2_S25 csp-35_048-2_S32 csp-35_11639-2_S6 csp-35_13819-2_S7 csp-35_18411-2_S14 csp-35_cc001-2_S9 csp-35_cc002-2_S10 csp-35_cc009-2_S17 csp-35_cc011-2_S19 csp-35_cc012-2_S20 csp-35_cc019-2_S26 csp-35_cc020-1_S27 csp-35_cc020-2_S27 csp-35_MGH001-2_S8 csp-35_sk085-2_S8 csp-35_sk094-2_S14 csp-35_sk096-2_S16 csp-35_sk097-2_S18 csp-35_sk119-2_S26 csp-35_sk166-2_S1 csp-35_sk181-2_S4 csp-35_sk191-2_S6
 - csp-4_018-2_S12 :  csp-4_021-2_S15 csp-4_023-2_S17 csp-4_025-2_S21 csp-4_048-2_S32 csp-4_13819-2_S7 csp-4_cc001-2_S9 csp-4_cc002-2_S10 csp-4_cc011-2_S19 csp-4_cc016-2_S23 csp-4_cc018-2_S25 csp-4_cc021-1_S28 csp-4_pz049-2_S20 csp-4_sk053-2_S4 csp-4_sk088-2_S10 csp-4_sk150-2_S32 csp-4_sk159-2_S36 csp-4_sk166-2_S1 csp-4_sk181-2_S4
 - csp-53_019-2_S13 :  csp-53_040-2_S30 csp-53_048-2_S32
 - csp-47_019-2_S13 :  csp-47_040-2_S30 csp-47_048-2_S32 csp-47_Ali-2_S18 csp-47_cc007-2_S15 csp-47_cc009-2_S17
 - csp-27_021-2_S15 :  csp-27_023-2_S17 csp-27_sk101-2_S20 csp-27_sk119-2_S26
 - csp-68_021-2_S15 :  csp-68_023-2_S17 csp-68_82281-2_S2 csp-68_8238-2_S9 csp-68_cc020-1_S27 csp-68_cc021-1_S28 csp-68_cc022-1_S29 csp-68_sk090-2_S12 csp-68_sk196-2_S7
 - csp-39_021-2_S15 :  csp-39_023-2_S17 csp-39_cc011-2_S19
 - csp-46_021-2_S15 :  csp-46_023-2_S17 csp-46_cc001-2_S9 csp-46_cc011-2_S19
 - csp-99_025-2_S21 :  csp-99_sk057-2_S6 csp-99_sk119-2_S26
 - csp-22_025-2_S21 :  csp-22_18330-2_S5 csp-22_cc020-1_S27 csp-22_cc021-1_S28 csp-22_cc022-1_S29 csp-22_sk085-2_S8 csp-22_sk097-2_S18 csp-22_sk119-2_S26 csp-22_sk166-2_S1
 - csp-55_027-2_S23 :  csp-55_034-2_S28 csp-55_048-2_S32 csp-55_cc018-2_S25 csp-55_Shaatu-2_S10
 - csp-94_029-2_S25 :  csp-94_034-2_S28 csp-94_cc011-2_S19 csp-94_sk052-2_S2
 - csp-19_029-2_S25 :  csp-19_sk125-2_S28 csp-19_sk196-2_S7
 - csp-31_029-2_S25 :  csp-31_13839-2_S11 csp-31_sk125-2_S28 csp-31_sk189-2_S5 csp-31_sk191-2_S6 csp-31_sk196-2_S7
 - csp-15_030-2_S27 :  csp-15_034-2_S28 csp-15_048-2_S32 csp-15_cc002-2_S10 csp-15_cc004-2_S12 csp-15_cc006-2_S14 csp-15_cc022-2_S1 csp-15_pz049-2_S20
 - csp-32_040-2_S30 :  csp-32_048-2_S32 csp-32_KG073-2_S19 csp-32_sk052-2_S2 csp-32_sk107-2_S22 csp-32_sk108-2_S24 csp-32_sk119-2_S26 csp-32_sk125-2_S28 csp-32_sk166-2_S1
 - csp-8_040-2_S30 :  csp-8_048-2_S32 csp-8_13819-2_S7 csp-8_22511-2_S17 csp-8_Abass-2_S3 csp-8_Ali-2_S18 csp-8_cc001-2_S9 csp-8_cc004-2_S12 csp-8_cc005-2_S13 csp-8_cc006-2_S14 csp-8_cc014-2_S21 csp-8_cc020-2_S27 csp-8_cc021-1_S28 csp-8_cc022-1_S29 csp-8_cc022-2_S1 csp-8_Mariam-2_S4 csp-8_Rafiatu-2_S8 csp-8_sk057-2_S6 csp-8_sk090-2_S12 csp-8_sk150-2_S32 csp-8_sk162-2_S38 csp-8_sk166-2_S1
 - csp-117_82281-2_S2 :  csp-117_8238-2_S9 csp-117_cc002-2_S10 csp-117_cc018-2_S25
 - csp-18_Abass-2_S3 :  csp-18_cc006-2_S14 csp-18_cc010-2_S18 csp-18_cc012-2_S20 csp-18_sk163-2_S40 csp-18_sk166-2_S1 csp-18_sk196-2_S7
 - csp-111_Abass-2_S3 :  csp-111_sk163-2_S40 csp-111_sk196-2_S7
 - csp-12_Abass-2_S3 :  csp-12_Balkisu-2_S1 csp-12_cc021-1_S28 csp-12_cc021-2_S28 csp-12_Mariam-2_S4 csp-12_Rafiatu-2_S8 csp-12_sk085-2_S8 csp-12_sk097-2_S18 csp-12_sk150-2_S32
 - csp-16_Ali-2_S18 :  csp-16_sk085-2_S8 csp-16_sk097-2_S18 csp-16_sk119-2_S26 csp-16_sk166-2_S1 csp-16_sk179-2_S3 csp-16_sk181-2_S4 csp-16_sk191-2_S6 csp-16_sk196-2_S7
 - csp-7_cc014-2_S21 :  csp-7_sk057-2_S6 csp-7_sk162-2_S38
 - csp-10_cc014-2_S21 :  csp-10_sk085-2_S8 csp-10_sk097-2_S18 csp-10_sk162-2_S38



CONNECTIONS
adding two min taxa 3[csp-36_017-2_S11] , 19[csp-32_040-2_S30]
In clusters 18 , 25 distance 2
adding two min taxa 20[csp-8_040-2_S30] , 26[csp-7_cc014-2_S21]
In clusters 18 , 25 distance 2
adding two min taxa 22[csp-18_Abass-2_S3] , 23[csp-111_Abass-2_S3]
In clusters 18 , 21 distance 2
adding two min taxa 5[csp-4_018-2_S12] , 14[csp-55_027-2_S23]
In clusters 5 , 18 distance 5


REAL DISTANCE MATRIX
pos:   			  1  2  3  4  5  6  7  8  9  10  11  12  13  14  15  16  17  18  19  20  21  22  23  24  25  26  27  28 
[csp_3D7]1 	: --  27  25  28  25  27  27  26  25  28  25  27  28  30  24  26  26  24  28  26  28  27  26  26  27  27  26  24 
[csp-1_005-2_S2]2 	: 27  --  4  2  4  7  6  9  6  9  4  7  9  11  4  4  5  7  3  4  1  4  1  3  1  9  3  5 
[csp-11_006-2_S4]3 	: 25  4  --  4  4  6  4  5  2  9  2  8  5  10  2  4  3  3  5  2  3  6  5  7  5  6  1  1 
[csp-36_017-2_S11]4 	: 28  2  4  --  6  8  5  8  6  10  6  8  9  12  5  4  4  6  2  2  1  3  2  4  1  8  3  5 
[csp-35_017-2_S11]5 	: 25  4  4  6  --  8  6  7  4  9  2  6  7  10  4  4  5  5  7  4  5  6  5  5  5  8  3  3 
[csp-4_018-2_S12]6 	: 27  7  6  8  8  --  6  7  8  10  6  2  11  9  5  7  7  7  6  7  8  9  6  8  7  6  7  7 
[csp-53_019-2_S13]7 	: 27  6  4  5  6  6  --  3  6  11  6  6  9  13  5  5  1  3  3  3  5  6  5  7  6  6  3  5 
[csp-47_019-2_S13]8 	: 26  9  5  8  7  7  3  --  3  10  7  7  8  12  6  8  4  2  6  6  8  5  8  6  9  5  6  4 
[csp-27_021-2_S15]9 	: 25  6  2  6  4  8  6  3  --  9  4  8  5  10  4  6  5  3  7  4  5  4  7  5  7  6  3  1 
[csp-68_021-2_S15]10	: 28  9  9  10  9  10  11  10  9  --  9  10  6  7  8  8  10  8  10  10  10  9  8  8  9  10  10  8 
[csp-39_021-2_S15]11	: 25  4  2  6  2  6  6  7  4  9  --  8  7  10  2  4  5  5  7  4  5  8  5  7  5  8  3  3 
[csp-46_021-2_S15]12	: 27  7  8  8  6  2  6  7  8  10  8  --  11  9  7  7  7  7  6  7  8  7  6  6  7  6  7  7 
[csp-99_025-2_S21]13	: 28  9  5  9  7  11  9  8  5  6  7  11  --  5  7  7  8  6  10  7  8  9  10  10  10  9  6  4 
[csp-22_025-2_S21]14	: 30  11  10  12  10  9  13  12  10  7  10  9  5  --  8  9  12  10  13  11  12  12  11  11  11  7  11  9 
[csp-55_027-2_S23]15	: 24  4  2  5  4  5  5  6  4  8  2  7  7  8  --  3  4  4  6  3  5  7  4  6  4  7  3  3 
[csp-94_029-2_S25]16	: 26  4  4  4  4  7  5  8  6  8  4  7  7  9  3  --  4  6  6  2  5  7  4  6  3  9  3  5 
[csp-19_029-2_S25]17	: 26  5  3  4  5  7  1  4  5  10  5  7  8  12  4  4  --  2  4  2  4  5  4  6  5  5  2  4 
[csp-31_029-2_S25]18	: 24  7  3  6  5  7  3  2  3  8  5  7  6  10  4  6  2  --  6  4  6  5  6  6  7  3  4  2 
[csp-15_030-2_S27]19	: 28  3  5  2  7  6  3  6  7  10  7  6  10  13  6  6  4  6  --  4  2  3  2  4  3  8  4  6 
[csp-32_040-2_S30]20	: 26  4  2  2  4  7  3  6  4  10  4  7  7  11  3  2  2  4  4  --  3  5  4  6  3  7  1  3 
[csp-8_040-2_S30]21	: 28  1  3  1  5  8  5  8  5  10  5  8  8  12  5  5  4  6  2  3  --  3  2  4  2  8  2  4 
[csp-117_82281-2_S2]22	: 27  4  6  3  6  9  6  5  4  9  8  7  9  12  7  7  5  5  3  5  3  --  3  1  4  7  5  5 
[csp-18_Abass-2_S3]23	: 26  1  5  2  5  6  5  8  7  8  5  6  10  11  4  4  4  6  2  4  2  3  --  2  1  8  4  6 
[csp-111_Abass-2_S3]24	: 26  3  7  4  5  8  7  6  5  8  7  6  10  11  6  6  6  6  4  6  4  1  2  --  3  8  6  6 
[csp-12_Abass-2_S3]25	: 27  1  5  1  5  7  6  9  7  9  5  7  10  11  4  3  5  7  3  3  2  4  1  3  --  9  4  6 
[csp-16_Ali-2_S18]26	: 27  9  6  8  8  6  6  5  6  10  8  6  9  7  7  9  5  3  8  7  8  7  8  8  9  --  7  5 
[csp-7_cc014-2_S21]27	: 26  3  1  3  3  7  3  6  3  10  3  7  6  11  3  3  2  4  4  1  2  5  4  6  4  7  --  2 
[csp-10_cc014-2_S21]28	: 24  5  1  5  3  7  5  4  1  8  3  7  4  9  3  5  4  2  6  3  4  5  6  6  6  5  2  -- 



COMPUTED FROM THE NETWORK DISTANCE MATRIX
pos:   			  1  2  3  4  5  6  7  8  9  10  11  12  13  14  15  16  17  18  19  20  21  22  23  24  25  26  27  28 
[csp_3D7]1 	: --  29  25  29  28  27  27  26  25  32  26  29  28  33  24  29  26  24  30  27  28  33  30  32  30  27  26  24 
[csp-1_005-2_S2]2 	: 29  --  4  2  8  12  10  9  6  13  6  14  9  14  9  6  9  7  3  4  1  4  1  3  1  10  3  5 
[csp-11_006-2_S4]3 	: 25  4  --  4  4  8  6  5  2  9  2  10  5  10  5  4  5  3  5  2  3  8  5  7  5  6  1  1 
[csp-36_017-2_S11]4 	: 29  2  4  --  8  12  10  9  6  13  6  14  9  14  9  4  9  7  2  2  1  5  2  4  1  10  3  5 
[csp-35_017-2_S11]5 	: 28  8  4  8  --  9  10  9  6  13  2  11  9  14  4  8  9  7  9  6  7  12  9  11  9  10  5  5 
[csp-4_018-2_S12]6 	: 27  12  8  12  9  --  10  9  8  15  7  2  11  16  5  12  9  7  13  10  11  16  13  15  13  10  9  7 
[csp-53_019-2_S13]7 	: 27  10  6  10  10  10  --  5  6  13  8  12  9  14  7  10  1  3  11  8  9  14  11  13  11  6  7  5 
[csp-47_019-2_S13]8 	: 26  9  5  9  9  9  5  --  5  12  7  11  8  13  6  9  4  2  10  7  8  13  10  12  10  5  6  4 
[csp-27_021-2_S15]9 	: 25  6  2  6  6  8  6  5  --  9  4  10  5  10  5  6  5  3  7  4  5  10  7  9  7  6  3  1 
[csp-68_021-2_S15]10	: 32  13  9  13  13  15  13  12  9  --  11  17  6  11  12  13  12  10  14  11  12  17  14  16  14  13  10  8 
[csp-39_021-2_S15]11	: 26  6  2  6  2  7  8  7  4  11  --  9  7  12  2  6  7  5  7  4  5  10  7  9  7  8  3  3 
[csp-46_021-2_S15]12	: 29  14  10  14  11  2  12  11  10  17  9  --  13  18  7  14  11  9  15  12  13  18  15  17  15  12  11  9 
[csp-99_025-2_S21]13	: 28  9  5  9  9  11  9  8  5  6  7  13  --  5  8  9  8  6  10  7  8  13  10  12  10  9  6  4 
[csp-22_025-2_S21]14	: 33  14  10  14  14  16  14  13  10  11  12  18  5  --  13  14  13  11  15  12  13  18  15  17  15  14  11  9 
[csp-55_027-2_S23]15	: 24  9  5  9  4  5  7  6  5  12  2  7  8  13  --  9  6  4  10  7  8  13  10  12  10  7  6  4 
[csp-94_029-2_S25]16	: 29  6  4  4  8  12  10  9  6  13  6  14  9  14  9  --  9  7  6  2  5  9  6  8  5  10  3  5 
[csp-19_029-2_S25]17	: 26  9  5  9  9  9  1  4  5  12  7  11  8  13  6  9  --  2  10  7  8  13  10  12  10  5  6  4 
[csp-31_029-2_S25]18	: 24  7  3  7  7  7  3  2  3  10  5  9  6  11  4  7  2  --  8  5  6  11  8  10  8  3  4  2 
[csp-15_030-2_S27]19	: 30  3  5  2  9  13  11  10  7  14  7  15  10  15  10  6  10  8  --  4  2  5  2  4  3  11  4  6 
[csp-32_040-2_S30]20	: 27  4  2  2  6  10  8  7  4  11  4  12  7  12  7  2  7  5  4  --  3  7  4  6  3  8  1  3 
[csp-8_040-2_S30]21	: 28  1  3  1  7  11  9  8  5  12  5  13  8  13  8  5  8  6  2  3  --  5  2  4  2  9  2  4 
[csp-117_82281-2_S2]22	: 33  4  8  5  12  16  14  13  10  17  10  18  13  18  13  9  13  11  5  7  5  --  3  1  4  14  7  9 
[csp-18_Abass-2_S3]23	: 30  1  5  2  9  13  11  10  7  14  7  15  10  15  10  6  10  8  2  4  2  3  --  2  1  11  4  6 
[csp-111_Abass-2_S3]24	: 32  3  7  4  11  15  13  12  9  16  9  17  12  17  12  8  12  10  4  6  4  1  2  --  3  13  6  8 
[csp-12_Abass-2_S3]25	: 30  1  5  1  9  13  11  10  7  14  7  15  10  15  10  5  10  8  3  3  2  4  1  3  --  11  4  6 
[csp-16_Ali-2_S18]26	: 27  10  6  10  10  10  6  5  6  13  8  12  9  14  7  10  5  3  11  8  9  14  11  13  11  --  7  5 
[csp-7_cc014-2_S21]27	: 26  3  1  3  5  9  7  6  3  10  3  11  6  11  6  3  6  4  4  1  2  7  4  6  4  7  --  2 
[csp-10_cc014-2_S21]28	: 24  5  1  5  5  7  5  4  1  8  3  9  4  9  4  5  4  2  6  3  4  9  6  8  6  5  2  -- 



DIFFERENCE MATRIX 
pos:   			  1  2  3  4  5  6  7  8  9  10  11  12  13  14  15  16  17  18  19  20  21  22  23  24  25  26  27  28 
[csp_3D7]1 	: --  2  0  1  3  0  0  0  0  4  1  2  0  3  0  3  0  0  2  1  0  6  4  6  3  0  0  0 
[csp-1_005-2_S2]2 	: 2  --  0  0  4  5  4  0  0  4  2  7  0  3  5  2  4  0  0  0  0  0  0  0  0  1  0  0 
[csp-11_006-2_S4]3 	: 0  0  --  0  0  2  2  0  0  0  0  2  0  0  3  0  2  0  0  0  0  2  0  0  0  0  0  0 
[csp-36_017-2_S11]4 	: 1  0  0  --  2  4  5  1  0  3  0  6  0  2  4  0  5  1  0  0  0  2  0  0  0  2  0  0 
[csp-35_017-2_S11]5 	: 3  4  0  2  --  1  4  2  2  4  0  5  2  4  0  4  4  2  2  2  2  6  4  6  4  2  2  2 
[csp-4_018-2_S12]6 	: 0  5  2  4  1  --  4  2  0  5  1  0  0  7  0  5  2  0  7  3  3  7  7  7  6  4  2  0 
[csp-53_019-2_S13]7 	: 0  4  2  5  4  4  --  2  0  2  2  6  0  1  2  5  0  0  8  5  4  8  6  6  5  0  4  0 
[csp-47_019-2_S13]8 	: 0  0  0  1  2  2  2  --  2  2  0  4  0  1  0  1  0  0  4  1  0  8  2  6  1  0  0  0 
[csp-27_021-2_S15]9 	: 0  0  0  0  2  0  0  2  --  0  0  2  0  0  1  0  0  0  0  0  0  6  0  4  0  0  0  0 
[csp-68_021-2_S15]10	: 4  4  0  3  4  5  2  2  0  --  2  7  0  4  4  5  2  2  4  1  2  8  6  8  5  3  0  0 
[csp-39_021-2_S15]11	: 1  2  0  0  0  1  2  0  0  2  --  1  0  2  0  2  2  0  0  0  0  2  2  2  2  0  0  0 
[csp-46_021-2_S15]12	: 2  7  2  6  5  0  6  4  2  7  1  --  2  9  0  7  4  2  9  5  5  11  9  11  8  6  4  2 
[csp-99_025-2_S21]13	: 0  0  0  0  2  0  0  0  0  0  0  2  --  0  1  2  0  0  0  0  0  4  0  2  0  0  0  0 
[csp-22_025-2_S21]14	: 3  3  0  2  4  7  1  1  0  4  2  9  0  --  5  5  1  1  2  1  1  6  4  6  4  7  0  0 
[csp-55_027-2_S23]15	: 0  5  3  4  0  0  2  0  1  4  0  0  1  5  --  6  2  0  4  4  3  6  6  6  6  0  3  1 
[csp-94_029-2_S25]16	: 3  2  0  0  4  5  5  1  0  5  2  7  2  5  6  --  5  1  0  0  0  2  2  2  2  1  0  0 
[csp-19_029-2_S25]17	: 0  4  2  5  4  2  0  0  0  2  2  4  0  1  2  5  --  0  6  5  4  8  6  6  5  0  4  0 
[csp-31_029-2_S25]18	: 0  0  0  1  2  0  0  0  0  2  0  2  0  1  0  1  0  --  2  1  0  6  2  4  1  0  0  0 
[csp-15_030-2_S27]19	: 2  0  0  0  2  7  8  4  0  4  0  9  0  2  4  0  6  2  --  0  0  2  0  0  0  3  0  0 
[csp-32_040-2_S30]20	: 1  0  0  0  2  3  5  1  0  1  0  5  0  1  4  0  5  1  0  --  0  2  0  0  0  1  0  0 
[csp-8_040-2_S30]21	: 0  0  0  0  2  3  4  0  0  2  0  5  0  1  3  0  4  0  0  0  --  2  0  0  0  1  0  0 
[csp-117_82281-2_S2]22	: 6  0  2  2  6  7  8  8  6  8  2  11  4  6  6  2  8  6  2  2  2  --  0  0  0  7  2  4 
[csp-18_Abass-2_S3]23	: 4  0  0  0  4  7  6  2  0  6  2  9  0  4  6  2  6  2  0  0  0  0  --  0  0  3  0  0 
[csp-111_Abass-2_S3]24	: 6  0  0  0  6  7  6  6  4  8  2  11  2  6  6  2  6  4  0  0  0  0  0  --  0  5  0  2 
[csp-12_Abass-2_S3]25	: 3  0  0  0  4  6  5  1  0  5  2  8  0  4  6  2  5  1  0  0  0  0  0  0  --  2  0  0 
[csp-16_Ali-2_S18]26	: 0  1  0  2  2  4  0  0  0  3  0  6  0  7  0  1  0  0  3  1  1  7  3  5  2  --  0  0 
[csp-7_cc014-2_S21]27	: 0  0  0  0  2  2  4  0  0  0  0  4  0  0  3  0  4  0  0  0  0  2  0  0  0  0  --  0 
[csp-10_cc014-2_S21]28	: 0  0  0  0  2  0  0  0  0  0  0  2  0  0  1  0  0  0  0  0  0  4  0  2  0  0  0  -- 

The total positive difference matrix is 763.0

The total negative difference matrix is 0.0



OUTGROUP WEIGHTS
*** Network 1
csp-4_018-2_S12 weigth = 0.05374823196605375
csp-46_021-2_S15 weigth = 0.005657708628005658
csp-15_030-2_S27 weigth = 0.011315417256011316
csp-36_017-2_S11 weigth = 0.10466760961810467
csp-1_005-2_S2 weigth = 0.14144271570014144
csp-8_040-2_S30 weigth = 0.11315417256011315
csp-18_Abass-2_S3 weigth = 0.07920792079207921
csp-12_Abass-2_S3 weigth = 0.09618104667609619
csp-16_Ali-2_S18 weigth = 0.01272984441301273
csp-94_029-2_S25 weigth = 0.005657708628005658
csp-32_040-2_S30 weigth = 0.033946251768033946
csp-22_025-2_S21 weigth = 0.01272984441301273
csp-68_021-2_S15 weigth = 0.01272984441301273
csp-99_025-2_S21 weigth = 0.008486562942008486
csp-35_017-2_S11 weigth = 0.036775106082036775
csp-39_021-2_S15 weigth = 0.008486562942008486
csp-27_021-2_S15 weigth = 0.005657708628005658
csp-47_019-2_S13 weigth = 0.008486562942008486
csp-11_006-2_S4 weigth = 0.05091937765205092
csp_3D7 weigth = 0.0014144271570014145
csp-55_027-2_S23 weigth = 0.014144271570014143
csp-31_029-2_S25 weigth = 0.016973125884016973
csp-10_cc014-2_S21 weigth = 0.05374823196605375
csp-7_cc014-2_S21 weigth = 0.06506364922206506
csp-53_019-2_S13 weigth = 0.004243281471004243
csp-19_029-2_S25 weigth = 0.016973125884016973
csp-117_82281-2_S2 weigth = 0.005657708628005658
csp-111_Abass-2_S3 weigth = 0.019801980198019802
Total weight = 353.5
Biggest outgroup probability is csp-1_005-2_S2 (0.14144271570014144)



Calculations are finished.



_________________________________________________________
TCS v1.23
Mon Jul 19 20:16:12 EDT 2021
Datafile = C:\Users\Colby\Documents\GitHub\HaplotypR_tests\cambel_full\haplotype_network\csp_samples_haplotypes.nex

It took 0.003833333333333333 minutes.
